<?xml version="1.0" encoding="UTF-8"?>
<!-- Generated by org.testng.reporters.JUnitReportReporter -->
<testsuite hostname="DESKTOP-948JMU8" failures="0" tests="1" name="execution.LetCodeRunner" time="24.038" errors="0" timestamp="2023-06-30T20:08:29 IST" skipped="0">
  <testcase classname="execution.LetCodeRunner" name="runScenario" time="24.038"/>
  <system-out/>
</testsuite> <!-- execution.LetCodeRunner -->
