<?xml version="1.0" encoding="UTF-8"?>
<!-- Generated by org.testng.reporters.JUnitReportReporter -->
<testsuite hostname="DESKTOP-IEPVL3O" failures="0" tests="1" name="execution.LetCodeRunner" time="41.385" errors="0" timestamp="2023-06-30T21:41:53 IST" skipped="0">
  <testcase classname="execution.LetCodeRunner" name="runScenario" time="41.385"/>
  <system-out/>
</testsuite> <!-- execution.LetCodeRunner -->
